  BackgroundField.cpp
D:\Brograming\cpp\Okienko\Okienko\BackgroundField.h(9,33): warning C4244: "argument": konwersja z "const int" do "T", możliwa utrata danych
          with
          [
              T=float
          ]
D:\Brograming\cpp\Okienko\Okienko\BackgroundField.h(9,27): warning C4244: "argument": konwersja z "const int" do "T", możliwa utrata danych
          with
          [
              T=float
          ]
  Crown.cpp
D:\Brograming\cpp\Okienko\Okienko\BackgroundField.h(9,33): warning C4244: "argument": konwersja z "const int" do "T", możliwa utrata danych
          with
          [
              T=float
          ]
D:\Brograming\cpp\Okienko\Okienko\BackgroundField.h(9,27): warning C4244: "argument": konwersja z "const int" do "T", możliwa utrata danych
          with
          [
              T=float
          ]
  UpperField.cpp
  main.cpp
D:\Brograming\cpp\Okienko\Okienko\BackgroundField.h(9,33): warning C4244: "argument": konwersja z "const int" do "T", możliwa utrata danych
          with
          [
              T=float
          ]
D:\Brograming\cpp\Okienko\Okienko\BackgroundField.h(9,27): warning C4244: "argument": konwersja z "const int" do "T", możliwa utrata danych
          with
          [
              T=float
          ]
  Root.cpp
D:\Brograming\cpp\Okienko\Okienko\BackgroundField.h(9,33): warning C4244: "argument": konwersja z "const int" do "T", możliwa utrata danych
          with
          [
              T=float
          ]
D:\Brograming\cpp\Okienko\Okienko\BackgroundField.h(9,27): warning C4244: "argument": konwersja z "const int" do "T", możliwa utrata danych
          with
          [
              T=float
          ]
D:\Brograming\cpp\Okienko\Okienko\Root.cpp(19,9): warning C4244: "inicjowanie": konwersja z "__int64" do "int", możliwa utrata danych
D:\Brograming\cpp\Okienko\Okienko\Root.cpp(24,27): warning C4267: "=": konwersja z "size_t" do "int", możliwa utrata danych
  Generowanie kodu...
  Okienko.vcxproj -> D:\Brograming\cpp\Okienko\x64\Debug\Okienko.exe
